<?xml version="1.0" encoding="UTF-8"?>
<testng-results ignored="0" total="1" passed="1" failed="0" skipped="0">
  <reporter-output>
  </reporter-output>
  <suite started-at="2025-01-20T13:44:51 IST" name="Default suite" finished-at="2025-01-20T13:44:56 IST" duration-ms="5311">
    <groups>
    </groups>
    <test started-at="2025-01-20T13:44:51 IST" name="Default test" finished-at="2025-01-20T13:44:56 IST" duration-ms="5311">
      <class name="testcases.Ebay">
        <test-method is-config="true" signature="setUp()[pri:0, instance:testcases.Ebay@639c2c1d]" started-at="2025-01-20T13:44:51 IST" name="setUp" finished-at="2025-01-20T13:44:54 IST" duration-ms="3140" status="PASS">
          <reporter-output>
          </reporter-output>
        </test-method> <!-- setUp -->
        <test-method is-config="true" signature="config()[pri:0, instance:testcases.Ebay@639c2c1d]" started-at="2025-01-20T13:44:54 IST" name="config" finished-at="2025-01-20T13:44:54 IST" duration-ms="3" status="PASS">
          <reporter-output>
          </reporter-output>
        </test-method> <!-- config -->
        <test-method signature="testcase()[pri:0, instance:testcases.Ebay@639c2c1d]" started-at="2025-01-20T13:44:54 IST" name="testcase" finished-at="2025-01-20T13:44:56 IST" duration-ms="2129" status="PASS">
          <reporter-output>
          </reporter-output>
        </test-method> <!-- testcase -->
      </class> <!-- testcases.Ebay -->
    </test> <!-- Default test -->
  </suite> <!-- Default suite -->
</testng-results>
